<?xml version="1.0" encoding="UTF-8"?>
<robot generator="Robot 4.0.1 (Python 3.9.4 on win32)" generated="20210524 09:03:40.683" rpa="false" schemaversion="2">
<suite id="s1" name="Update" source="C:\Users\user\OneDrive\Documentos\GitHub\RobotXpert\bodytest\tests\plans\update.robot">
<test id="s1-t1" name="Cenario: Atualizar um plano já cadastrado">
<kw name="Start Admin Session" library="base" type="SETUP">
<arg>200ms</arg>
<kw name="Start Browser Session" library="base">
<arg>${slowMo}</arg>
<kw name="New Browser" library="Browser">
<arg>chromium</arg>
<arg>False</arg>
<arg>slowMo=${slowMo}</arg>
<tag>BrowserControl</tag>
<tag>Setter</tag>
<doc>Create a new playwright Browser with specified options.
See `Browser, Context and Page` for more information about Browser and related concepts.</doc>
<msg timestamp="20210524 09:03:42.186" level="INFO">{"browser": "chromium", "headless": false, "handleSIGINT": true, "handleSIGTERM": true, "handleSIGHUP": true, "timeout": 30000.0, "devtools": false, "slowMo": 200.0}</msg>
<msg timestamp="20210524 09:03:42.937" level="INFO">Successfully created browser with options: {"browser":"chromium","headless":false,"handleSIGINT":true,"handleSIGTERM":true,"handleSIGHUP":true,"timeout":30000,"devtools":false,"slowMo":200}</msg>
<status status="PASS" starttime="20210524 09:03:42.185" endtime="20210524 09:03:42.937"/>
</kw>
<kw name="New Page" library="Browser">
<arg>about:blank</arg>
<tag>BrowserControl</tag>
<tag>Setter</tag>
<doc>Open a new Page. A Page is the Playwright equivalent to a tab.
See `Browser, Context and Page` for more information about Page concept.
Returns a stable identifier for the created page.</doc>
<msg timestamp="20210524 09:03:43.508" level="INFO">Successfully initialized new page object and opened url: about:blank</msg>
<msg timestamp="20210524 09:03:43.508" level="INFO">No context was open. New context was automatically opened when this page is created.</msg>
<status status="PASS" starttime="20210524 09:03:42.937" endtime="20210524 09:03:43.509"/>
</kw>
<status status="PASS" starttime="20210524 09:03:42.184" endtime="20210524 09:03:43.509"/>
</kw>
<kw name="Go To Login Page" library="auth">
<kw name="Go To" library="Browser">
<arg>https://bodytest-web-aldo.herokuapp.com/</arg>
<arg>timeout=60s</arg>
<tag>BrowserControl</tag>
<tag>Setter</tag>
<doc>Navigates to the given ``url``.</doc>
<msg timestamp="20210524 09:03:46.343" level="INFO">Succesfully opened URL https://bodytest-web-aldo.herokuapp.com/</msg>
<status status="PASS" starttime="20210524 09:03:43.511" endtime="20210524 09:03:46.344"/>
</kw>
<status status="PASS" starttime="20210524 09:03:43.510" endtime="20210524 09:03:46.344"/>
</kw>
<kw name="Login With" library="auth">
<arg>admin@bodytest.com</arg>
<arg>pwd123</arg>
<kw name="Fill Text" library="Browser">
<arg>css=input[name=email]</arg>
<arg>${email}</arg>
<tag>PageContent</tag>
<tag>Setter</tag>
<doc>Clears and fills the given ``text`` into the text field found by ``selector``.</doc>
<msg timestamp="20210524 09:03:46.347" level="INFO">Fills the text 'admin@bodytest.com' in the given field.</msg>
<status status="PASS" starttime="20210524 09:03:46.346" endtime="20210524 09:03:46.626"/>
</kw>
<kw name="Fill Text" library="Browser">
<arg>css=input[name=password]</arg>
<arg>${pass}</arg>
<tag>PageContent</tag>
<tag>Setter</tag>
<doc>Clears and fills the given ``text`` into the text field found by ``selector``.</doc>
<msg timestamp="20210524 09:03:46.627" level="INFO">Fills the text 'pwd123' in the given field.</msg>
<status status="PASS" starttime="20210524 09:03:46.626" endtime="20210524 09:03:46.888"/>
</kw>
<kw name="Click" library="Browser">
<arg>text=Entrar</arg>
<tag>PageContent</tag>
<tag>Setter</tag>
<doc>Simulates mouse click on the element found by ``selector``.</doc>
<status status="PASS" starttime="20210524 09:03:46.889" endtime="20210524 09:03:47.234"/>
</kw>
<status status="PASS" starttime="20210524 09:03:46.345" endtime="20210524 09:03:47.235"/>
</kw>
<kw name="User Should Be Logged In" library="nav">
<arg>Administrador</arg>
<kw name="Get Text" library="Browser">
<arg>css=aside strong</arg>
<arg>should be</arg>
<arg>${user_name}</arg>
<tag>Assertion</tag>
<tag>Getter</tag>
<tag>PageContent</tag>
<doc>Returns text attribute of the element found by ``selector``.
See the `Finding elements` section for details about the selectors.</doc>
<status status="PASS" starttime="20210524 09:03:47.236" endtime="20210524 09:03:48.116"/>
</kw>
<status status="PASS" starttime="20210524 09:03:47.235" endtime="20210524 09:03:48.116"/>
</kw>
<status status="PASS" starttime="20210524 09:03:42.183" endtime="20210524 09:03:48.116"/>
</kw>
<kw name="Get JSON" library="base">
<var>${fixture}</var>
<arg>plans-update.json</arg>
<kw name="Get File" library="OperatingSystem">
<var>${file}</var>
<arg>${EXECDIR}/resources/fixtures/${file_name}</arg>
<doc>Returns the contents of a specified file.</doc>
<msg timestamp="20210524 09:03:48.118" level="INFO" html="true">Getting file '&lt;a href="file://C:\Users\user\OneDrive\Documentos\GitHub\RobotXpert\bodytest\resources\fixtures\plans-update.json"&gt;C:\Users\user\OneDrive\Documentos\GitHub\RobotXpert\bodytest\resources\fixtures\plans-update.json&lt;/a&gt;'.</msg>
<msg timestamp="20210524 09:03:48.121" level="INFO">${file} = {
    "before": {
        "title": "Plano Especial",
        "duration": "4",
        "price": 50.00
    },
    "after": {
        "title": "Plano Natal",
        "duration": "1",
        "price": 35....</msg>
<status status="PASS" starttime="20210524 09:03:48.117" endtime="20210524 09:03:48.121"/>
</kw>
<kw name="Evaluate" library="BuiltIn">
<var>${json_object}</var>
<arg>json.loads($file)</arg>
<arg>json</arg>
<doc>Evaluates the given expression in Python and returns the result.</doc>
<msg timestamp="20210524 09:03:48.125" level="INFO">${json_object} = {'before': {'title': 'Plano Especial', 'duration': '4', 'price': 50.0}, 'after': {'title': 'Plano Natal', 'duration': '1', 'price': 35.88}}</msg>
<status status="PASS" starttime="20210524 09:03:48.121" endtime="20210524 09:03:48.125"/>
</kw>
<msg timestamp="20210524 09:03:48.125" level="INFO">${fixture} = {'before': {'title': 'Plano Especial', 'duration': '4', 'price': 50.0}, 'after': {'title': 'Plano Natal', 'duration': '1', 'price': 35.88}}</msg>
<status status="PASS" starttime="20210524 09:03:48.117" endtime="20210524 09:03:48.126"/>
</kw>
<kw name="Set Variable" library="BuiltIn">
<var>${PlanoEspecial}</var>
<arg>${fixture['before']}</arg>
<doc>Returns the given values which can then be assigned to a variables.</doc>
<msg timestamp="20210524 09:03:48.127" level="INFO">${PlanoEspecial} = {'title': 'Plano Especial', 'duration': '4', 'price': 50.0}</msg>
<status status="PASS" starttime="20210524 09:03:48.126" endtime="20210524 09:03:48.127"/>
</kw>
<kw name="Set Variable" library="BuiltIn">
<var>${PlanoNatal}</var>
<arg>${fixture['after']}</arg>
<doc>Returns the given values which can then be assigned to a variables.</doc>
<msg timestamp="20210524 09:03:48.128" level="INFO">${PlanoNatal} = {'title': 'Plano Natal', 'duration': '1', 'price': 35.88}</msg>
<status status="PASS" starttime="20210524 09:03:48.128" endtime="20210524 09:03:48.128"/>
</kw>
<kw name="Remove Plan By Name" library="DeloreanLibrary">
<arg>${PlanoEspecial['title']}</arg>
<msg timestamp="20210524 09:03:48.130" level="INFO">delete from plans where title LIKE '%Plano Especial%'</msg>
<status status="PASS" starttime="20210524 09:03:48.129" endtime="20210524 09:03:49.495"/>
</kw>
<kw name="Remove Plan By Name" library="DeloreanLibrary">
<arg>${PlanoNatal['title']}</arg>
<msg timestamp="20210524 09:03:49.497" level="INFO">delete from plans where title LIKE '%Plano Natal%'</msg>
<status status="PASS" starttime="20210524 09:03:49.496" endtime="20210524 09:03:50.921"/>
</kw>
<kw name="Insert Plan" library="DeloreanLibrary">
<arg>${PlanoEspecial}</arg>
<msg timestamp="20210524 09:03:50.922" level="INFO">delete from plans where title LIKE '%Plano Especial%'</msg>
<msg timestamp="20210524 09:03:52.262" level="INFO">insert into plans (title,duration,price,created_at,updated_at)values('Plano Especial',4,50.0,NOW(),NOW());</msg>
<status status="PASS" starttime="20210524 09:03:50.922" endtime="20210524 09:03:53.611"/>
</kw>
<kw name="Go To Plans" library="nav">
<kw name="Click" library="Browser">
<arg>css=a[href$=planos]</arg>
<tag>PageContent</tag>
<tag>Setter</tag>
<doc>Simulates mouse click on the element found by ``selector``.</doc>
<status status="PASS" starttime="20210524 09:03:53.614" endtime="20210524 09:03:53.944"/>
</kw>
<kw name="Page Plans" library="nav">
<kw name="Wait For Elements State" library="Browser">
<arg>css=h1 &gt;&gt; text=Gestão de Planos</arg>
<arg>visible</arg>
<arg>5</arg>
<tag>PageContent</tag>
<tag>Wait</tag>
<doc>Waits for the element found by ``selector`` to satisfy state option.</doc>
<msg timestamp="20210524 09:03:53.975" level="INFO">Wait for Element with selector: css=h1 &gt;&gt; text=Gestão de Planos</msg>
<status status="PASS" starttime="20210524 09:03:53.945" endtime="20210524 09:03:53.975"/>
</kw>
<status status="PASS" starttime="20210524 09:03:53.944" endtime="20210524 09:03:53.976"/>
</kw>
<status status="PASS" starttime="20210524 09:03:53.613" endtime="20210524 09:03:53.976"/>
</kw>
<kw name="Search By Name" library="components">
<arg>${PlanoEspecial['title']}</arg>
<doc>Papito, essa keyword serveria para Student e Plan,
mas não refatorei a "Students" para contemplar essa nova keyword.</doc>
<kw name="Fill Text" library="Browser">
<arg>css=input[placeholder="Buscar plano"]</arg>
<arg>${name}</arg>
<tag>PageContent</tag>
<tag>Setter</tag>
<doc>Clears and fills the given ``text`` into the text field found by ``selector``.</doc>
<msg timestamp="20210524 09:03:53.979" level="INFO">Fills the text 'Plano Especial' in the given field.</msg>
<status status="PASS" starttime="20210524 09:03:53.979" endtime="20210524 09:03:54.220"/>
</kw>
<status status="PASS" starttime="20210524 09:03:53.977" endtime="20210524 09:03:54.221"/>
</kw>
<kw name="Go to Plan Update Form" library="plans">
<arg>${PlanoEspecial['title']}</arg>
<kw name="Click" library="Browser">
<arg>xpath=//td[contains(text(), "${title}")]/..//a[@class="edit"]</arg>
<tag>PageContent</tag>
<tag>Setter</tag>
<doc>Simulates mouse click on the element found by ``selector``.</doc>
<status status="PASS" starttime="20210524 09:03:54.223" endtime="20210524 09:03:54.516"/>
</kw>
<kw name="Wait For Elements State" library="Browser">
<arg>css=h1 &gt;&gt; text=Edição de plano</arg>
<arg>visible</arg>
<arg>5</arg>
<tag>PageContent</tag>
<tag>Wait</tag>
<doc>Waits for the element found by ``selector`` to satisfy state option.</doc>
<msg timestamp="20210524 09:03:54.540" level="INFO">Wait for Element with selector: css=h1 &gt;&gt; text=Edição de plano</msg>
<status status="PASS" starttime="20210524 09:03:54.517" endtime="20210524 09:03:54.541"/>
</kw>
<status status="PASS" starttime="20210524 09:03:54.222" endtime="20210524 09:03:54.541"/>
</kw>
<kw name="Update A Plan" library="plans">
<arg>${PlanoNatal}</arg>
<kw name="Fill Text" library="Browser">
<arg>${TITLE_FIELD}</arg>
<arg>${plan['title']}</arg>
<tag>PageContent</tag>
<tag>Setter</tag>
<doc>Clears and fills the given ``text`` into the text field found by ``selector``.</doc>
<msg timestamp="20210524 09:03:54.544" level="INFO">Fills the text 'Plano Natal' in the given field.</msg>
<status status="PASS" starttime="20210524 09:03:54.543" endtime="20210524 09:03:54.784"/>
</kw>
<kw name="Fill Text" library="Browser">
<arg>${DURATION_FIELD}</arg>
<arg>${plan['duration']}</arg>
<tag>PageContent</tag>
<tag>Setter</tag>
<doc>Clears and fills the given ``text`` into the text field found by ``selector``.</doc>
<msg timestamp="20210524 09:03:54.787" level="INFO">Fills the text '1' in the given field.</msg>
<status status="PASS" starttime="20210524 09:03:54.784" endtime="20210524 09:03:55.050"/>
</kw>
<kw name="Fill Text" library="Browser">
<arg>${PRICE_FIELD}</arg>
<arg>${plan['price']}</arg>
<tag>PageContent</tag>
<tag>Setter</tag>
<doc>Clears and fills the given ``text`` into the text field found by ``selector``.</doc>
<msg timestamp="20210524 09:03:55.053" level="INFO">Fills the text '35.88' in the given field.</msg>
<status status="PASS" starttime="20210524 09:03:55.051" endtime="20210524 09:03:55.312"/>
</kw>
<kw name="Submit Plan Form" library="plans">
<kw name="Click" library="Browser">
<arg>xpath=//button[contains(text(), "Salvar")]</arg>
<tag>PageContent</tag>
<tag>Setter</tag>
<doc>Simulates mouse click on the element found by ``selector``.</doc>
<status status="PASS" starttime="20210524 09:03:55.314" endtime="20210524 09:03:55.625"/>
</kw>
<status status="PASS" starttime="20210524 09:03:55.313" endtime="20210524 09:03:55.625"/>
</kw>
<status status="PASS" starttime="20210524 09:03:54.542" endtime="20210524 09:03:55.626"/>
</kw>
<kw name="Toaster Text Should Be" library="components">
<arg>Plano Atualizado com sucesso</arg>
<kw name="Wait For Elements State" library="Browser">
<arg>css=.Toastify__toast-body &gt;&gt; text=${expect_text}</arg>
<arg>visible</arg>
<arg>5</arg>
<tag>PageContent</tag>
<tag>Wait</tag>
<doc>Waits for the element found by ``selector`` to satisfy state option.</doc>
<msg timestamp="20210524 09:03:55.893" level="INFO">Wait for Element with selector: css=.Toastify__toast-body &gt;&gt; text=Plano Atualizado com sucesso</msg>
<status status="PASS" starttime="20210524 09:03:55.629" endtime="20210524 09:03:55.893"/>
</kw>
<status status="PASS" starttime="20210524 09:03:55.628" endtime="20210524 09:03:55.894"/>
</kw>
<kw name="Thinking And Take Screenshot" library="base" type="TEARDOWN">
<arg>2</arg>
<kw name="Sleep" library="BuiltIn">
<arg>${timeout}</arg>
<doc>Pauses the test executed for the given time.</doc>
<msg timestamp="20210524 09:03:57.910" level="INFO">Slept 2 seconds</msg>
<status status="PASS" starttime="20210524 09:03:55.894" endtime="20210524 09:03:57.910"/>
</kw>
<kw name="Take Screenshot" library="Browser">
<tag>PageContent</tag>
<doc>Takes a screenshot of the current window and saves it.</doc>
<msg timestamp="20210524 09:03:58.162" level="INFO" html="true">&lt;/td&gt;&lt;/tr&gt;&lt;tr&gt;&lt;td colspan="3"&gt;&lt;a href="browser/screenshot/robotframework-browser-screenshot-1.png"&gt;&lt;img src="browser/screenshot/robotframework-browser-screenshot-1.png" width="800px"&gt;&lt;/a&gt;</msg>
<status status="PASS" starttime="20210524 09:03:57.911" endtime="20210524 09:03:58.162"/>
</kw>
<status status="PASS" starttime="20210524 09:03:55.894" endtime="20210524 09:03:58.162"/>
</kw>
<status status="PASS" starttime="20210524 09:03:42.179" endtime="20210524 09:03:58.163"/>
</test>
<test id="s1-t2" name="Cenario: Desistir de Atualizar">
<kw name="Start Admin Session" library="base" type="SETUP">
<arg>200ms</arg>
<kw name="Start Browser Session" library="base">
<arg>${slowMo}</arg>
<kw name="New Browser" library="Browser">
<arg>chromium</arg>
<arg>False</arg>
<arg>slowMo=${slowMo}</arg>
<tag>BrowserControl</tag>
<tag>Setter</tag>
<doc>Create a new playwright Browser with specified options.
See `Browser, Context and Page` for more information about Browser and related concepts.</doc>
<msg timestamp="20210524 09:03:58.260" level="INFO">{"browser": "chromium", "headless": false, "handleSIGINT": true, "handleSIGTERM": true, "handleSIGHUP": true, "timeout": 30000.0, "devtools": false, "slowMo": 200.0}</msg>
<msg timestamp="20210524 09:03:59.024" level="INFO">Successfully created browser with options: {"browser":"chromium","headless":false,"handleSIGINT":true,"handleSIGTERM":true,"handleSIGHUP":true,"timeout":30000,"devtools":false,"slowMo":200}</msg>
<status status="PASS" starttime="20210524 09:03:58.259" endtime="20210524 09:03:59.025"/>
</kw>
<kw name="New Page" library="Browser">
<arg>about:blank</arg>
<tag>BrowserControl</tag>
<tag>Setter</tag>
<doc>Open a new Page. A Page is the Playwright equivalent to a tab.
See `Browser, Context and Page` for more information about Page concept.
Returns a stable identifier for the created page.</doc>
<msg timestamp="20210524 09:03:59.657" level="INFO">Successfully initialized new page object and opened url: about:blank</msg>
<msg timestamp="20210524 09:03:59.657" level="INFO">No context was open. New context was automatically opened when this page is created.</msg>
<status status="PASS" starttime="20210524 09:03:59.025" endtime="20210524 09:03:59.658"/>
</kw>
<status status="PASS" starttime="20210524 09:03:58.258" endtime="20210524 09:03:59.658"/>
</kw>
<kw name="Go To Login Page" library="auth">
<kw name="Go To" library="Browser">
<arg>https://bodytest-web-aldo.herokuapp.com/</arg>
<arg>timeout=60s</arg>
<tag>BrowserControl</tag>
<tag>Setter</tag>
<doc>Navigates to the given ``url``.</doc>
<msg timestamp="20210524 09:04:02.364" level="INFO">Succesfully opened URL https://bodytest-web-aldo.herokuapp.com/</msg>
<status status="PASS" starttime="20210524 09:03:59.660" endtime="20210524 09:04:02.364"/>
</kw>
<status status="PASS" starttime="20210524 09:03:59.659" endtime="20210524 09:04:02.365"/>
</kw>
<kw name="Login With" library="auth">
<arg>admin@bodytest.com</arg>
<arg>pwd123</arg>
<kw name="Fill Text" library="Browser">
<arg>css=input[name=email]</arg>
<arg>${email}</arg>
<tag>PageContent</tag>
<tag>Setter</tag>
<doc>Clears and fills the given ``text`` into the text field found by ``selector``.</doc>
<msg timestamp="20210524 09:04:02.368" level="INFO">Fills the text 'admin@bodytest.com' in the given field.</msg>
<status status="PASS" starttime="20210524 09:04:02.367" endtime="20210524 09:04:02.663"/>
</kw>
<kw name="Fill Text" library="Browser">
<arg>css=input[name=password]</arg>
<arg>${pass}</arg>
<tag>PageContent</tag>
<tag>Setter</tag>
<doc>Clears and fills the given ``text`` into the text field found by ``selector``.</doc>
<msg timestamp="20210524 09:04:02.665" level="INFO">Fills the text 'pwd123' in the given field.</msg>
<status status="PASS" starttime="20210524 09:04:02.664" endtime="20210524 09:04:02.915"/>
</kw>
<kw name="Click" library="Browser">
<arg>text=Entrar</arg>
<tag>PageContent</tag>
<tag>Setter</tag>
<doc>Simulates mouse click on the element found by ``selector``.</doc>
<status status="PASS" starttime="20210524 09:04:02.916" endtime="20210524 09:04:03.257"/>
</kw>
<status status="PASS" starttime="20210524 09:04:02.366" endtime="20210524 09:04:03.258"/>
</kw>
<kw name="User Should Be Logged In" library="nav">
<arg>Administrador</arg>
<kw name="Get Text" library="Browser">
<arg>css=aside strong</arg>
<arg>should be</arg>
<arg>${user_name}</arg>
<tag>Assertion</tag>
<tag>Getter</tag>
<tag>PageContent</tag>
<doc>Returns text attribute of the element found by ``selector``.
See the `Finding elements` section for details about the selectors.</doc>
<status status="PASS" starttime="20210524 09:04:03.260" endtime="20210524 09:04:04.003"/>
</kw>
<status status="PASS" starttime="20210524 09:04:03.258" endtime="20210524 09:04:04.003"/>
</kw>
<status status="PASS" starttime="20210524 09:03:58.257" endtime="20210524 09:04:04.003"/>
</kw>
<kw name="Get JSON" library="base">
<var>${fixture}</var>
<arg>plans-update.json</arg>
<kw name="Get File" library="OperatingSystem">
<var>${file}</var>
<arg>${EXECDIR}/resources/fixtures/${file_name}</arg>
<doc>Returns the contents of a specified file.</doc>
<msg timestamp="20210524 09:04:04.005" level="INFO" html="true">Getting file '&lt;a href="file://C:\Users\user\OneDrive\Documentos\GitHub\RobotXpert\bodytest\resources\fixtures\plans-update.json"&gt;C:\Users\user\OneDrive\Documentos\GitHub\RobotXpert\bodytest\resources\fixtures\plans-update.json&lt;/a&gt;'.</msg>
<msg timestamp="20210524 09:04:04.005" level="INFO">${file} = {
    "before": {
        "title": "Plano Especial",
        "duration": "4",
        "price": 50.00
    },
    "after": {
        "title": "Plano Natal",
        "duration": "1",
        "price": 35....</msg>
<status status="PASS" starttime="20210524 09:04:04.004" endtime="20210524 09:04:04.005"/>
</kw>
<kw name="Evaluate" library="BuiltIn">
<var>${json_object}</var>
<arg>json.loads($file)</arg>
<arg>json</arg>
<doc>Evaluates the given expression in Python and returns the result.</doc>
<msg timestamp="20210524 09:04:04.006" level="INFO">${json_object} = {'before': {'title': 'Plano Especial', 'duration': '4', 'price': 50.0}, 'after': {'title': 'Plano Natal', 'duration': '1', 'price': 35.88}}</msg>
<status status="PASS" starttime="20210524 09:04:04.005" endtime="20210524 09:04:04.006"/>
</kw>
<msg timestamp="20210524 09:04:04.006" level="INFO">${fixture} = {'before': {'title': 'Plano Especial', 'duration': '4', 'price': 50.0}, 'after': {'title': 'Plano Natal', 'duration': '1', 'price': 35.88}}</msg>
<status status="PASS" starttime="20210524 09:04:04.004" endtime="20210524 09:04:04.006"/>
</kw>
<kw name="Set Variable" library="BuiltIn">
<var>${PlanoEspecial}</var>
<arg>${fixture['before']}</arg>
<doc>Returns the given values which can then be assigned to a variables.</doc>
<msg timestamp="20210524 09:04:04.007" level="INFO">${PlanoEspecial} = {'title': 'Plano Especial', 'duration': '4', 'price': 50.0}</msg>
<status status="PASS" starttime="20210524 09:04:04.007" endtime="20210524 09:04:04.008"/>
</kw>
<kw name="Set Variable" library="BuiltIn">
<var>${PlanoNatal}</var>
<arg>${fixture['after']}</arg>
<doc>Returns the given values which can then be assigned to a variables.</doc>
<msg timestamp="20210524 09:04:04.009" level="INFO">${PlanoNatal} = {'title': 'Plano Natal', 'duration': '1', 'price': 35.88}</msg>
<status status="PASS" starttime="20210524 09:04:04.008" endtime="20210524 09:04:04.009"/>
</kw>
<kw name="Remove Plan By Name" library="DeloreanLibrary">
<arg>${PlanoEspecial['title']}</arg>
<msg timestamp="20210524 09:04:04.010" level="INFO">delete from plans where title LIKE '%Plano Especial%'</msg>
<status status="PASS" starttime="20210524 09:04:04.009" endtime="20210524 09:04:05.391"/>
</kw>
<kw name="Remove Plan By Name" library="DeloreanLibrary">
<arg>${PlanoNatal['title']}</arg>
<msg timestamp="20210524 09:04:05.392" level="INFO">delete from plans where title LIKE '%Plano Natal%'</msg>
<status status="PASS" starttime="20210524 09:04:05.391" endtime="20210524 09:04:06.738"/>
</kw>
<kw name="Insert Plan" library="DeloreanLibrary">
<arg>${PlanoEspecial}</arg>
<msg timestamp="20210524 09:04:06.740" level="INFO">delete from plans where title LIKE '%Plano Especial%'</msg>
<msg timestamp="20210524 09:04:08.086" level="INFO">insert into plans (title,duration,price,created_at,updated_at)values('Plano Especial',4,50.0,NOW(),NOW());</msg>
<status status="PASS" starttime="20210524 09:04:06.739" endtime="20210524 09:04:09.459"/>
</kw>
<kw name="Go To Plans" library="nav">
<kw name="Click" library="Browser">
<arg>css=a[href$=planos]</arg>
<tag>PageContent</tag>
<tag>Setter</tag>
<doc>Simulates mouse click on the element found by ``selector``.</doc>
<status status="PASS" starttime="20210524 09:04:09.463" endtime="20210524 09:04:09.780"/>
</kw>
<kw name="Page Plans" library="nav">
<kw name="Wait For Elements State" library="Browser">
<arg>css=h1 &gt;&gt; text=Gestão de Planos</arg>
<arg>visible</arg>
<arg>5</arg>
<tag>PageContent</tag>
<tag>Wait</tag>
<doc>Waits for the element found by ``selector`` to satisfy state option.</doc>
<msg timestamp="20210524 09:04:09.814" level="INFO">Wait for Element with selector: css=h1 &gt;&gt; text=Gestão de Planos</msg>
<status status="PASS" starttime="20210524 09:04:09.782" endtime="20210524 09:04:09.814"/>
</kw>
<status status="PASS" starttime="20210524 09:04:09.780" endtime="20210524 09:04:09.815"/>
</kw>
<status status="PASS" starttime="20210524 09:04:09.461" endtime="20210524 09:04:09.816"/>
</kw>
<kw name="Search By Name" library="components">
<arg>${PlanoEspecial['title']}</arg>
<doc>Papito, essa keyword serveria para Student e Plan,
mas não refatorei a "Students" para contemplar essa nova keyword.</doc>
<kw name="Fill Text" library="Browser">
<arg>css=input[placeholder="Buscar plano"]</arg>
<arg>${name}</arg>
<tag>PageContent</tag>
<tag>Setter</tag>
<doc>Clears and fills the given ``text`` into the text field found by ``selector``.</doc>
<msg timestamp="20210524 09:04:09.822" level="INFO">Fills the text 'Plano Especial' in the given field.</msg>
<status status="PASS" starttime="20210524 09:04:09.821" endtime="20210524 09:04:10.074"/>
</kw>
<status status="PASS" starttime="20210524 09:04:09.818" endtime="20210524 09:04:10.074"/>
</kw>
<kw name="Go to Plan Update Form" library="plans">
<arg>${PlanoEspecial['title']}</arg>
<kw name="Click" library="Browser">
<arg>xpath=//td[contains(text(), "${title}")]/..//a[@class="edit"]</arg>
<tag>PageContent</tag>
<tag>Setter</tag>
<doc>Simulates mouse click on the element found by ``selector``.</doc>
<status status="PASS" starttime="20210524 09:04:10.079" endtime="20210524 09:04:10.404"/>
</kw>
<kw name="Wait For Elements State" library="Browser">
<arg>css=h1 &gt;&gt; text=Edição de plano</arg>
<arg>visible</arg>
<arg>5</arg>
<tag>PageContent</tag>
<tag>Wait</tag>
<doc>Waits for the element found by ``selector`` to satisfy state option.</doc>
<msg timestamp="20210524 09:04:10.433" level="INFO">Wait for Element with selector: css=h1 &gt;&gt; text=Edição de plano</msg>
<status status="PASS" starttime="20210524 09:04:10.404" endtime="20210524 09:04:10.433"/>
</kw>
<status status="PASS" starttime="20210524 09:04:10.077" endtime="20210524 09:04:10.434"/>
</kw>
<kw name="To give up" library="components">
<kw name="Click" library="Browser">
<arg>text=Voltar</arg>
<tag>PageContent</tag>
<tag>Setter</tag>
<doc>Simulates mouse click on the element found by ``selector``.</doc>
<status status="PASS" starttime="20210524 09:04:10.435" endtime="20210524 09:04:10.700"/>
</kw>
<status status="PASS" starttime="20210524 09:04:10.435" endtime="20210524 09:04:10.701"/>
</kw>
<kw name="Page Plans" library="nav">
<kw name="Wait For Elements State" library="Browser">
<arg>css=h1 &gt;&gt; text=Gestão de Planos</arg>
<arg>visible</arg>
<arg>5</arg>
<tag>PageContent</tag>
<tag>Wait</tag>
<doc>Waits for the element found by ``selector`` to satisfy state option.</doc>
<msg timestamp="20210524 09:04:10.720" level="INFO">Wait for Element with selector: css=h1 &gt;&gt; text=Gestão de Planos</msg>
<status status="PASS" starttime="20210524 09:04:10.702" endtime="20210524 09:04:10.720"/>
</kw>
<status status="PASS" starttime="20210524 09:04:10.702" endtime="20210524 09:04:10.721"/>
</kw>
<kw name="Thinking And Take Screenshot" library="base" type="TEARDOWN">
<arg>2</arg>
<kw name="Sleep" library="BuiltIn">
<arg>${timeout}</arg>
<doc>Pauses the test executed for the given time.</doc>
<msg timestamp="20210524 09:04:12.733" level="INFO">Slept 2 seconds</msg>
<status status="PASS" starttime="20210524 09:04:10.723" endtime="20210524 09:04:12.734"/>
</kw>
<kw name="Take Screenshot" library="Browser">
<tag>PageContent</tag>
<doc>Takes a screenshot of the current window and saves it.</doc>
<msg timestamp="20210524 09:04:12.963" level="INFO" html="true">&lt;/td&gt;&lt;/tr&gt;&lt;tr&gt;&lt;td colspan="3"&gt;&lt;a href="browser/screenshot/robotframework-browser-screenshot-2.png"&gt;&lt;img src="browser/screenshot/robotframework-browser-screenshot-2.png" width="800px"&gt;&lt;/a&gt;</msg>
<status status="PASS" starttime="20210524 09:04:12.734" endtime="20210524 09:04:12.964"/>
</kw>
<status status="PASS" starttime="20210524 09:04:10.722" endtime="20210524 09:04:12.964"/>
</kw>
<status status="PASS" starttime="20210524 09:03:58.250" endtime="20210524 09:04:12.965"/>
</test>
<test id="s1-t3" name="Cenario: Atualizar sem alterar o preço Mensal">
<kw name="Start Admin Session" library="base" type="SETUP">
<arg>200ms</arg>
<kw name="Start Browser Session" library="base">
<arg>${slowMo}</arg>
<kw name="New Browser" library="Browser">
<arg>chromium</arg>
<arg>False</arg>
<arg>slowMo=${slowMo}</arg>
<tag>BrowserControl</tag>
<tag>Setter</tag>
<doc>Create a new playwright Browser with specified options.
See `Browser, Context and Page` for more information about Browser and related concepts.</doc>
<msg timestamp="20210524 09:04:13.062" level="INFO">{"browser": "chromium", "headless": false, "handleSIGINT": true, "handleSIGTERM": true, "handleSIGHUP": true, "timeout": 30000.0, "devtools": false, "slowMo": 200.0}</msg>
<msg timestamp="20210524 09:04:13.816" level="INFO">Successfully created browser with options: {"browser":"chromium","headless":false,"handleSIGINT":true,"handleSIGTERM":true,"handleSIGHUP":true,"timeout":30000,"devtools":false,"slowMo":200}</msg>
<status status="PASS" starttime="20210524 09:04:13.061" endtime="20210524 09:04:13.817"/>
</kw>
<kw name="New Page" library="Browser">
<arg>about:blank</arg>
<tag>BrowserControl</tag>
<tag>Setter</tag>
<doc>Open a new Page. A Page is the Playwright equivalent to a tab.
See `Browser, Context and Page` for more information about Page concept.
Returns a stable identifier for the created page.</doc>
<msg timestamp="20210524 09:04:14.403" level="INFO">Successfully initialized new page object and opened url: about:blank</msg>
<msg timestamp="20210524 09:04:14.403" level="INFO">No context was open. New context was automatically opened when this page is created.</msg>
<status status="PASS" starttime="20210524 09:04:13.817" endtime="20210524 09:04:14.404"/>
</kw>
<status status="PASS" starttime="20210524 09:04:13.061" endtime="20210524 09:04:14.404"/>
</kw>
<kw name="Go To Login Page" library="auth">
<kw name="Go To" library="Browser">
<arg>https://bodytest-web-aldo.herokuapp.com/</arg>
<arg>timeout=60s</arg>
<tag>BrowserControl</tag>
<tag>Setter</tag>
<doc>Navigates to the given ``url``.</doc>
<msg timestamp="20210524 09:04:17.061" level="INFO">Succesfully opened URL https://bodytest-web-aldo.herokuapp.com/</msg>
<status status="PASS" starttime="20210524 09:04:14.406" endtime="20210524 09:04:17.062"/>
</kw>
<status status="PASS" starttime="20210524 09:04:14.405" endtime="20210524 09:04:17.062"/>
</kw>
<kw name="Login With" library="auth">
<arg>admin@bodytest.com</arg>
<arg>pwd123</arg>
<kw name="Fill Text" library="Browser">
<arg>css=input[name=email]</arg>
<arg>${email}</arg>
<tag>PageContent</tag>
<tag>Setter</tag>
<doc>Clears and fills the given ``text`` into the text field found by ``selector``.</doc>
<msg timestamp="20210524 09:04:17.064" level="INFO">Fills the text 'admin@bodytest.com' in the given field.</msg>
<status status="PASS" starttime="20210524 09:04:17.064" endtime="20210524 09:04:17.360"/>
</kw>
<kw name="Fill Text" library="Browser">
<arg>css=input[name=password]</arg>
<arg>${pass}</arg>
<tag>PageContent</tag>
<tag>Setter</tag>
<doc>Clears and fills the given ``text`` into the text field found by ``selector``.</doc>
<msg timestamp="20210524 09:04:17.361" level="INFO">Fills the text 'pwd123' in the given field.</msg>
<status status="PASS" starttime="20210524 09:04:17.360" endtime="20210524 09:04:17.609"/>
</kw>
<kw name="Click" library="Browser">
<arg>text=Entrar</arg>
<tag>PageContent</tag>
<tag>Setter</tag>
<doc>Simulates mouse click on the element found by ``selector``.</doc>
<status status="PASS" starttime="20210524 09:04:17.610" endtime="20210524 09:04:17.925"/>
</kw>
<status status="PASS" starttime="20210524 09:04:17.063" endtime="20210524 09:04:17.925"/>
</kw>
<kw name="User Should Be Logged In" library="nav">
<arg>Administrador</arg>
<kw name="Get Text" library="Browser">
<arg>css=aside strong</arg>
<arg>should be</arg>
<arg>${user_name}</arg>
<tag>Assertion</tag>
<tag>Getter</tag>
<tag>PageContent</tag>
<doc>Returns text attribute of the element found by ``selector``.
See the `Finding elements` section for details about the selectors.</doc>
<status status="PASS" starttime="20210524 09:04:17.927" endtime="20210524 09:04:18.713"/>
</kw>
<status status="PASS" starttime="20210524 09:04:17.926" endtime="20210524 09:04:18.713"/>
</kw>
<status status="PASS" starttime="20210524 09:04:13.060" endtime="20210524 09:04:18.713"/>
</kw>
<kw name="Get JSON" library="base">
<var>${fixture}</var>
<arg>plans-update-partial.json</arg>
<kw name="Get File" library="OperatingSystem">
<var>${file}</var>
<arg>${EXECDIR}/resources/fixtures/${file_name}</arg>
<doc>Returns the contents of a specified file.</doc>
<msg timestamp="20210524 09:04:18.715" level="INFO" html="true">Getting file '&lt;a href="file://C:\Users\user\OneDrive\Documentos\GitHub\RobotXpert\bodytest\resources\fixtures\plans-update-partial.json"&gt;C:\Users\user\OneDrive\Documentos\GitHub\RobotXpert\bodytest\resources\fixtures\plans-update-partial.json&lt;/a&gt;'.</msg>
<msg timestamp="20210524 09:04:18.715" level="INFO">${file} = {
    "before": {
        "title": "Plano Quad",
        "duration": "4",
        "price": 50.00
    },
    "after": {
        "title": "Plano Octo",
        "duration": "8"
    }
}


</msg>
<status status="PASS" starttime="20210524 09:04:18.714" endtime="20210524 09:04:18.715"/>
</kw>
<kw name="Evaluate" library="BuiltIn">
<var>${json_object}</var>
<arg>json.loads($file)</arg>
<arg>json</arg>
<doc>Evaluates the given expression in Python and returns the result.</doc>
<msg timestamp="20210524 09:04:18.716" level="INFO">${json_object} = {'before': {'title': 'Plano Quad', 'duration': '4', 'price': 50.0}, 'after': {'title': 'Plano Octo', 'duration': '8'}}</msg>
<status status="PASS" starttime="20210524 09:04:18.715" endtime="20210524 09:04:18.716"/>
</kw>
<msg timestamp="20210524 09:04:18.716" level="INFO">${fixture} = {'before': {'title': 'Plano Quad', 'duration': '4', 'price': 50.0}, 'after': {'title': 'Plano Octo', 'duration': '8'}}</msg>
<status status="PASS" starttime="20210524 09:04:18.714" endtime="20210524 09:04:18.716"/>
</kw>
<kw name="Set Variable" library="BuiltIn">
<var>${PlanoQuad}</var>
<arg>${fixture['before']}</arg>
<doc>Returns the given values which can then be assigned to a variables.</doc>
<msg timestamp="20210524 09:04:18.717" level="INFO">${PlanoQuad} = {'title': 'Plano Quad', 'duration': '4', 'price': 50.0}</msg>
<status status="PASS" starttime="20210524 09:04:18.717" endtime="20210524 09:04:18.717"/>
</kw>
<kw name="Set Variable" library="BuiltIn">
<var>${PlanoOcto}</var>
<arg>${fixture['after']}</arg>
<doc>Returns the given values which can then be assigned to a variables.</doc>
<msg timestamp="20210524 09:04:18.719" level="INFO">${PlanoOcto} = {'title': 'Plano Octo', 'duration': '8'}</msg>
<status status="PASS" starttime="20210524 09:04:18.718" endtime="20210524 09:04:18.719"/>
</kw>
<kw name="Remove Plan By Name" library="DeloreanLibrary">
<arg>${PlanoQuad['title']}</arg>
<msg timestamp="20210524 09:04:18.720" level="INFO">delete from plans where title LIKE '%Plano Quad%'</msg>
<status status="PASS" starttime="20210524 09:04:18.719" endtime="20210524 09:04:20.080"/>
</kw>
<kw name="Remove Plan By Name" library="DeloreanLibrary">
<arg>${PlanoOcto['title']}</arg>
<msg timestamp="20210524 09:04:20.081" level="INFO">delete from plans where title LIKE '%Plano Octo%'</msg>
<status status="PASS" starttime="20210524 09:04:20.081" endtime="20210524 09:04:21.664"/>
</kw>
<kw name="Insert Plan" library="DeloreanLibrary">
<arg>${PlanoQuad}</arg>
<msg timestamp="20210524 09:04:21.667" level="INFO">delete from plans where title LIKE '%Plano Quad%'</msg>
<msg timestamp="20210524 09:04:23.029" level="INFO">insert into plans (title,duration,price,created_at,updated_at)values('Plano Quad',4,50.0,NOW(),NOW());</msg>
<status status="PASS" starttime="20210524 09:04:21.667" endtime="20210524 09:04:24.380"/>
</kw>
<kw name="Go To Plans" library="nav">
<kw name="Click" library="Browser">
<arg>css=a[href$=planos]</arg>
<tag>PageContent</tag>
<tag>Setter</tag>
<doc>Simulates mouse click on the element found by ``selector``.</doc>
<status status="PASS" starttime="20210524 09:04:24.384" endtime="20210524 09:04:24.697"/>
</kw>
<kw name="Page Plans" library="nav">
<kw name="Wait For Elements State" library="Browser">
<arg>css=h1 &gt;&gt; text=Gestão de Planos</arg>
<arg>visible</arg>
<arg>5</arg>
<tag>PageContent</tag>
<tag>Wait</tag>
<doc>Waits for the element found by ``selector`` to satisfy state option.</doc>
<msg timestamp="20210524 09:04:24.732" level="INFO">Wait for Element with selector: css=h1 &gt;&gt; text=Gestão de Planos</msg>
<status status="PASS" starttime="20210524 09:04:24.698" endtime="20210524 09:04:24.732"/>
</kw>
<status status="PASS" starttime="20210524 09:04:24.697" endtime="20210524 09:04:24.733"/>
</kw>
<status status="PASS" starttime="20210524 09:04:24.382" endtime="20210524 09:04:24.733"/>
</kw>
<kw name="Search By Name" library="components">
<arg>${PlanoQuad['title']}</arg>
<doc>Papito, essa keyword serveria para Student e Plan,
mas não refatorei a "Students" para contemplar essa nova keyword.</doc>
<kw name="Fill Text" library="Browser">
<arg>css=input[placeholder="Buscar plano"]</arg>
<arg>${name}</arg>
<tag>PageContent</tag>
<tag>Setter</tag>
<doc>Clears and fills the given ``text`` into the text field found by ``selector``.</doc>
<msg timestamp="20210524 09:04:24.740" level="INFO">Fills the text 'Plano Quad' in the given field.</msg>
<status status="PASS" starttime="20210524 09:04:24.739" endtime="20210524 09:04:25.014"/>
</kw>
<status status="PASS" starttime="20210524 09:04:24.735" endtime="20210524 09:04:25.014"/>
</kw>
<kw name="Go to Plan Update Form" library="plans">
<arg>${PlanoQuad['title']}</arg>
<kw name="Click" library="Browser">
<arg>xpath=//td[contains(text(), "${title}")]/..//a[@class="edit"]</arg>
<tag>PageContent</tag>
<tag>Setter</tag>
<doc>Simulates mouse click on the element found by ``selector``.</doc>
<status status="PASS" starttime="20210524 09:04:25.017" endtime="20210524 09:04:25.288"/>
</kw>
<kw name="Wait For Elements State" library="Browser">
<arg>css=h1 &gt;&gt; text=Edição de plano</arg>
<arg>visible</arg>
<arg>5</arg>
<tag>PageContent</tag>
<tag>Wait</tag>
<doc>Waits for the element found by ``selector`` to satisfy state option.</doc>
<msg timestamp="20210524 09:04:25.321" level="INFO">Wait for Element with selector: css=h1 &gt;&gt; text=Edição de plano</msg>
<status status="PASS" starttime="20210524 09:04:25.289" endtime="20210524 09:04:25.321"/>
</kw>
<status status="PASS" starttime="20210524 09:04:25.015" endtime="20210524 09:04:25.321"/>
</kw>
<kw name="Update A Plan Without Full Price" library="plans">
<arg>${PlanoOcto}</arg>
<kw name="Fill Text" library="Browser">
<arg>${TITLE_FIELD}</arg>
<arg>${plan['title']}</arg>
<tag>PageContent</tag>
<tag>Setter</tag>
<doc>Clears and fills the given ``text`` into the text field found by ``selector``.</doc>
<msg timestamp="20210524 09:04:25.324" level="INFO">Fills the text 'Plano Octo' in the given field.</msg>
<status status="PASS" starttime="20210524 09:04:25.323" endtime="20210524 09:04:25.570"/>
</kw>
<kw name="Fill Text" library="Browser">
<arg>${DURATION_FIELD}</arg>
<arg>${plan['duration']}</arg>
<tag>PageContent</tag>
<tag>Setter</tag>
<doc>Clears and fills the given ``text`` into the text field found by ``selector``.</doc>
<msg timestamp="20210524 09:04:25.573" level="INFO">Fills the text '8' in the given field.</msg>
<status status="PASS" starttime="20210524 09:04:25.571" endtime="20210524 09:04:25.835"/>
</kw>
<kw name="Submit Plan Form" library="plans">
<kw name="Click" library="Browser">
<arg>xpath=//button[contains(text(), "Salvar")]</arg>
<tag>PageContent</tag>
<tag>Setter</tag>
<doc>Simulates mouse click on the element found by ``selector``.</doc>
<status status="PASS" starttime="20210524 09:04:25.837" endtime="20210524 09:04:26.117"/>
</kw>
<status status="PASS" starttime="20210524 09:04:25.836" endtime="20210524 09:04:26.118"/>
</kw>
<status status="PASS" starttime="20210524 09:04:25.322" endtime="20210524 09:04:26.118"/>
</kw>
<kw name="Toaster Text Should Be" library="components">
<arg>Plano Atualizado com sucesso</arg>
<kw name="Wait For Elements State" library="Browser">
<arg>css=.Toastify__toast-body &gt;&gt; text=${expect_text}</arg>
<arg>visible</arg>
<arg>5</arg>
<tag>PageContent</tag>
<tag>Wait</tag>
<doc>Waits for the element found by ``selector`` to satisfy state option.</doc>
<msg timestamp="20210524 09:04:26.411" level="INFO">Wait for Element with selector: css=.Toastify__toast-body &gt;&gt; text=Plano Atualizado com sucesso</msg>
<status status="PASS" starttime="20210524 09:04:26.122" endtime="20210524 09:04:26.411"/>
</kw>
<status status="PASS" starttime="20210524 09:04:26.120" endtime="20210524 09:04:26.411"/>
</kw>
<kw name="Total Plan Should Be" library="plans">
<arg>R$ 400,00</arg>
<kw name="Get Attribute" library="Browser">
<arg>${TOTAL_FIELD}</arg>
<arg>value</arg>
<arg>==</arg>
<arg>${total}</arg>
<tag>Assertion</tag>
<tag>Getter</tag>
<tag>PageContent</tag>
<doc>Returns the HTML ``attribute`` of the element found by ``selector``.</doc>
<msg timestamp="20210524 09:04:27.703" level="INFO" html="true">&lt;/td&gt;&lt;/tr&gt;&lt;tr&gt;&lt;td colspan="3"&gt;&lt;a href="Cenario_Atualizar_sem_alterar_o_preo_Mensal_FAILURE_SCREENSHOT_8.png"&gt;&lt;img src="Cenario_Atualizar_sem_alterar_o_preo_Mensal_FAILURE_SCREENSHOT_8.png" width="800px"&gt;&lt;/a&gt;</msg>
<msg timestamp="20210524 09:04:27.707" level="FAIL">Attribute css=input[name=total] 'R$ 0,00' (str) should be 'R$ 400,00' (str)</msg>
<status status="FAIL" starttime="20210524 09:04:26.412" endtime="20210524 09:04:27.708"/>
</kw>
<status status="FAIL" starttime="20210524 09:04:26.412" endtime="20210524 09:04:27.708"/>
</kw>
<kw name="Thinking And Take Screenshot" library="base" type="TEARDOWN">
<arg>2</arg>
<kw name="Sleep" library="BuiltIn">
<arg>${timeout}</arg>
<doc>Pauses the test executed for the given time.</doc>
<msg timestamp="20210524 09:04:29.719" level="INFO">Slept 2 seconds</msg>
<status status="PASS" starttime="20210524 09:04:27.709" endtime="20210524 09:04:29.719"/>
</kw>
<kw name="Take Screenshot" library="Browser">
<tag>PageContent</tag>
<doc>Takes a screenshot of the current window and saves it.</doc>
<msg timestamp="20210524 09:04:29.872" level="INFO" html="true">&lt;/td&gt;&lt;/tr&gt;&lt;tr&gt;&lt;td colspan="3"&gt;&lt;a href="browser/screenshot/robotframework-browser-screenshot-3.png"&gt;&lt;img src="browser/screenshot/robotframework-browser-screenshot-3.png" width="800px"&gt;&lt;/a&gt;</msg>
<status status="PASS" starttime="20210524 09:04:29.720" endtime="20210524 09:04:29.872"/>
</kw>
<status status="PASS" starttime="20210524 09:04:27.709" endtime="20210524 09:04:29.873"/>
</kw>
<doc>Se não alterar o campo "Preço Mensal" o Valor Total fica zerado. Reportar Bug
Papito, às vezes a validação de preço não funciona. Não é a primeira vez que ocorre.
O Robot acusa "Attribute css=input[name=total] 'R$ 0,00' (str) should be 'R$ 0,00' (str)"
Tentei de tudo que sabia então acredito ser um bug do Robot, e o pior, intermitente.
Porém uma vez que funciona certinho não volta a acontecer.</doc>
<status status="FAIL" starttime="20210524 09:04:13.056" endtime="20210524 09:04:29.873">Attribute css=input[name=total] 'R$ 0,00' (str) should be 'R$ 400,00' (str)</status>
</test>
<doc>Atualizar Planos</doc>
<status status="FAIL" starttime="20210524 09:03:40.685" endtime="20210524 09:04:29.958"/>
</suite>
<statistics>
<total>
<stat pass="2" fail="1" skip="0">All Tests</stat>
</total>
<tag>
</tag>
<suite>
<stat pass="2" fail="1" skip="0" id="s1" name="Update">Update</stat>
</suite>
</statistics>
<errors>
</errors>
</robot>
